ANTLR Parser Generator   Version 2.7.6 (2005-12-22)   1989-2005
./expandedtoJML_TreeWalker.g:296:3: warning:Rule 'paramName' returns a value
./expandedtoJML_TreeWalker.g:318:11: warning:Rule 'operations' returns a value
./expandedtoJML_TreeWalker.g:482:17: warning:Rule 'listTypedIdentifier' returns a value
./expandedtoJML_TreeWalker.g:486:17: warning:Rule 'listTypedIdentifier' returns a value
./expandedtoJML_TreeWalker.g:502:17: warning:Rule 'listTypedIdentifier' returns a value
./expandedtoJML_TreeWalker.g:802:17: warning:Rule 'listTypedIdentifier' returns a value
./expandedtoJML_TreeWalker.g:805:17: warning:Rule 'listTypedIdentifier' returns a value
./expandedtoJML_TreeWalker.g:808:17: warning:Rule 'listTypedIdentifier' returns a value
./expandedtoJML_TreeWalker.g:433:17: warning:Rule 'nameRenamed' returns a value
./expandedtoJML_TreeWalker.g:435:9: warning:Rule 'nameRenamed' returns a value
./expandedtoJML_TreeWalker.g:447:17: warning:Rule 'list_New_Predicate' returns a value
./expandedtoJML_TreeWalker.g:449:17: warning:Rule 'nameRenamed' returns a value
./expandedtoJML_TreeWalker.g:575:17: warning:Rule 'valuation_set' returns a value
./expandedtoJML_TreeWalker.g:576:17: warning:Rule 'valuation_set' returns a value
./expandedtoJML_TreeWalker.g:840:33: warning:Rule 'paramName' returns a value
./expandedtoJML_TreeWalker.g:846:25: warning:Rule 'predicate' returns a value
./expandedtoJML_TreeWalker.g:847:21: warning:Rule 'instruction' returns a value
./expandedtoJML_TreeWalker.g:1056:17: warning:Rule 'instruction' returns a value
./expandedtoJML_TreeWalker.g:1057:17: warning:Rule 'instruction' returns a value
./expandedtoJML_TreeWalker.g:1073:9: warning:Rule 'instruction' returns a value
./expandedtoJML_TreeWalker.g:1074:5: warning:Rule 'predicate' returns a value
./expandedtoJML_TreeWalker.g:1287:25: warning:Rule 'predicate' returns a value
./expandedtoJML_TreeWalker.g:1288:25: warning:Rule 'instruction' returns a value
./expandedtoJML_TreeWalker.g:1440:41: warning:Rule 'predicate' returns a value
./expandedtoJML_TreeWalker.g:1442:33: warning:Rule 'predicate' returns a value
./expandedtoJML_TreeWalker.g:1447:41: warning:Rule 'predicate' returns a value
./expandedtoJML_TreeWalker.g:1449:33: warning:Rule 'predicate' returns a value
./expandedtoJML_TreeWalker.g:1504:33: warning:Rule 'func_call' returns a value
./expandedtoJML_TreeWalker.g:1505:33: warning:Rule 'func_call' returns a value
./expandedtoJML_TreeWalker.g:1510:13: warning:Rule 'list_New_Predicate' returns a value
./expandedtoJML_TreeWalker.g:1549:17: warning:Rule 'afc' returns a value
./expandedtoJML_TreeWalker.g:1550:17: warning:Rule 'afc' returns a value
./expandedtoJML_TreeWalker.g:1672:33: warning:Rule 'predicate' returns a value
./expandedtoJML_TreeWalker.g:1674:17: warning:Rule 'predicate' returns a value
./expandedtoJML_TreeWalker.g:2539:17: warning:Rule 'predicate' returns a value
./expandedtoJML_TreeWalker.g:2540:17: warning:Rule 'predicate' returns a value
./expandedtoJML_TreeWalker.g:2666:33: warning:Rule 'list_var' returns a value
./expandedtoJML_TreeWalker.g:2667:33: warning:Rule 'predicate' returns a value
./expandedtoJML_TreeWalker.g:2668:33: warning:Rule 'predicate' returns a value
